[debug] [2021-03-28T14:46:08.887Z] ----------------------------------------------------------------------
[debug] [2021-03-28T14:46:08.890Z] Command:       C:\Program Files\nodejs\node.exe C:\Users\nicol\AppData\Roaming\npm\node_modules\firebase-tools\lib\bin\firebase.js init
[debug] [2021-03-28T14:46:08.891Z] CLI Version:   9.8.0
[debug] [2021-03-28T14:46:08.891Z] Platform:      win32
[debug] [2021-03-28T14:46:08.891Z] Node Version:  v15.2.0
[debug] [2021-03-28T14:46:08.892Z] Time:          Sun Mar 28 2021 16:46:08 GMT+0200 (Mitteleuropäische Sommerzeit)
[debug] [2021-03-28T14:46:08.893Z] ----------------------------------------------------------------------
[debug] 
[debug] [2021-03-28T14:46:08.900Z] > command requires scopes: ["email","openid","https://www.googleapis.com/auth/cloudplatformprojects.readonly","https://www.googleapis.com/auth/firebase","https://www.googleapis.com/auth/cloud-platform"]
[debug] [2021-03-28T14:46:08.901Z] > authorizing via signed-in user
[info] 
     ######## #### ########  ######## ########     ###     ######  ########
     ##        ##  ##     ## ##       ##     ##  ##   ##  ##       ##
     ######    ##  ########  ######   ########  #########  ######  ######
     ##        ##  ##    ##  ##       ##     ## ##     ##       ## ##
     ##       #### ##     ## ######## ########  ##     ##  ######  ########

You're about to initialize a Firebase project in this directory:

  C:\Users\nicol\Documents\Learn-programming\React\burger-order

[info] 
=== Project Setup
[info] 
[info] First, let's associate this project directory with a Firebase project.
[info] You can create multiple project aliases by running firebase use --add, 
[info] but for now we'll just set up a default project.
[info] 
[debug] [2021-03-28T14:46:34.582Z] >>> [apiv2][query] GET https://firebase.googleapis.com/v1beta1/projects pageSize=100
[debug] [2021-03-28T14:46:34.973Z] <<< [apiv2][status] GET https://firebase.googleapis.com/v1beta1/projects 200
[debug] [2021-03-28T14:46:34.973Z] <<< [apiv2][body] GET https://firebase.googleapis.com/v1beta1/projects [omitted]
[info] i  Using project burger-orders-c2b1b (burger-orders) 
[info] 
=== Hosting Setup
[info] 
[info] Your public directory is the folder (relative to your project directory) that
[info] will contain Hosting assets to be uploaded with firebase deploy. If you
[info] have a build process for your assets, use your build's output directory.
[info] 
[debug] [2021-03-28T14:47:38.044Z] >>> [apiv2][query] GET https://www.gstatic.com/firebasejs/releases.json [none]
[debug] [2021-03-28T14:47:38.193Z] <<< [apiv2][status] GET https://www.gstatic.com/firebasejs/releases.json 200
[debug] [2021-03-28T14:47:38.193Z] <<< [apiv2][body] GET https://www.gstatic.com/firebasejs/releases.json {"current":{"version":"8.3.1","browserURL":"https://www.gstatic.com/firebasejs/8.3.1/firebase.js","packageURL":"https://www.gstatic.com/firebasejs/8.3.1/firebase.tgz"},"live":{"version":"8.3","browserURL":"https://www.gstatic.com/firebasejs/live/8.3/firebase.js","packageURL":"https://www.gstatic.com/firebasejs/live/8.3/firebase.tgz"},"components":{"analytics":"https://www.gstatic.com/firebasejs/8.3.1/firebase-analytics.js","app":"https://www.gstatic.com/firebasejs/8.3.1/firebase-app.js","auth":"https://www.gstatic.com/firebasejs/8.3.1/firebase-auth.js","database":"https://www.gstatic.com/firebasejs/8.3.1/firebase-database.js","firestore":"https://www.gstatic.com/firebasejs/8.3.1/firebase-firestore.js","functions":"https://www.gstatic.com/firebasejs/8.3.1/firebase-functions.js","installations":"https://www.gstatic.com/firebasejs/8.3.1/firebase-installations.js","messaging":"https://www.gstatic.com/firebasejs/8.3.1/firebase-messaging.js","storage":"https://www.gstatic.com/firebasejs/8.3.1/firebase-storage.js","performance":"https://www.gstatic.com/firebasejs/8.3.1/firebase-performance.js","remote-config":"https://www.gstatic.com/firebasejs/8.3.1/firebase-remote-config.js","firestore.memory":"https://www.gstatic.com/firebasejs/8.3.1/firebase-firestore.memory.js"}}
[info] i  Skipping write of build/index.html 
[info] 
[info] i  Detected a .git folder at C:\Users\nicol\Documents\Learn-programming\React\burger-order 
[info] i  Authorizing with GitHub to upload your service account to a GitHub repository's secrets store. 
[info] 
[info] Visit this URL on this device to log in:
[info] https://github.com/login/oauth/authorize?client_id=89cf50f02ac6aaed3484&state=23844713&redirect_uri=http%3A%2F%2Flocalhost%3A9005&scope=read%3Auser%20repo%20public_repo
[info] 
[info] Waiting for authentication...
[debug] [2021-03-28T14:48:05.591Z] >>> HTTP REQUEST POST https://github.com/login/oauth/access_token  
 {"client_id":"89cf50f02ac6aaed3484","client_secret":"3330d14abc895d9a74d5f17cd7a00711fa2c5bf0","code":"ad898db36ec7559084c3","redirect_uri":"http://localhost:9005","state":"23844713"}
[debug] [2021-03-28T14:48:05.914Z] <<< HTTP RESPONSE 200 {"server":"GitHub.com","date":"Sun, 28 Mar 2021 14:48:06 GMT","content-type":"application/json; charset=utf-8","transfer-encoding":"chunked","vary":"X-PJAX, Accept-Encoding, Accept, X-Requested-With","etag":"W/\"0fc3af2b6ce8ca9f14be250efd0ffb40\"","cache-control":"max-age=0, private, must-revalidate","strict-transport-security":"max-age=31536000; includeSubdomains; preload","x-frame-options":"deny","x-content-type-options":"nosniff","x-xss-protection":"0","referrer-policy":"origin-when-cross-origin, strict-origin-when-cross-origin","expect-ct":"max-age=2592000, report-uri=\"https://api.github.com/_private/browser/errors\"","content-security-policy":"default-src 'none'; base-uri 'self'; block-all-mixed-content; connect-src 'self' uploads.github.com www.githubstatus.com collector.githubapp.com api.github.com github-cloud.s3.amazonaws.com github-production-repository-file-5c1aeb.s3.amazonaws.com github-production-upload-manifest-file-7fdce7.s3.amazonaws.com github-production-user-asset-6210df.s3.amazonaws.com cdn.optimizely.com logx.optimizely.com/v1/events wss://alive.github.com; font-src github.githubassets.com; form-action 'self' github.com gist.github.com; frame-ancestors 'none'; frame-src render.githubusercontent.com; img-src 'self' data: github.githubassets.com identicons.github.com collector.githubapp.com github-cloud.s3.amazonaws.com secured-user-images.githubusercontent.com/ *.githubusercontent.com; manifest-src 'self'; media-src 'none'; script-src github.githubassets.com; style-src 'unsafe-inline' github.githubassets.com; worker-src github.com/socket-worker-6832eced.js gist.github.com/socket-worker-6832eced.js","x-github-request-id":"F14E:4EF2:33F23B7:357C943:60609726"}
[debug] [2021-03-28T14:48:05.940Z] >>> [apiv2][query] GET https://api.github.com/user [none]
[debug] [2021-03-28T14:48:06.264Z] <<< [apiv2][status] GET https://api.github.com/user 200
[debug] [2021-03-28T14:48:06.265Z] <<< [apiv2][body] GET https://api.github.com/user {"login":"2001-otter","id":56389521,"node_id":"MDQ6VXNlcjU2Mzg5NTIx","avatar_url":"https://avatars.githubusercontent.com/u/56389521?v=4","gravatar_id":"","url":"https://api.github.com/users/2001-otter","html_url":"https://github.com/2001-otter","followers_url":"https://api.github.com/users/2001-otter/followers","following_url":"https://api.github.com/users/2001-otter/following{/other_user}","gists_url":"https://api.github.com/users/2001-otter/gists{/gist_id}","starred_url":"https://api.github.com/users/2001-otter/starred{/owner}{/repo}","subscriptions_url":"https://api.github.com/users/2001-otter/subscriptions","organizations_url":"https://api.github.com/users/2001-otter/orgs","repos_url":"https://api.github.com/users/2001-otter/repos","events_url":"https://api.github.com/users/2001-otter/events{/privacy}","received_events_url":"https://api.github.com/users/2001-otter/received_events","type":"User","site_admin":false,"name":"Nicolas Ot","company":null,"blog":"otter","location":"Germany","email":null,"hireable":null,"bio":"Sup","twitter_username":null,"public_repos":4,"public_gists":0,"followers":4,"following":2,"created_at":"2019-10-10T09:31:49Z","updated_at":"2021-03-28T14:48:06Z","private_gists":0,"total_private_repos":0,"owned_private_repos":0,"disk_usage":7166,"collaborators":0,"two_factor_authentication":false,"plan":{"name":"free","space":976562499,"collaborators":0,"private_repos":10000}}
[info] 
[info] +  Success! Logged into GitHub as 2001-otter 
[info] 
